#
# There is insufficient memory for the Java Runtime Environment to continue.
# Native memory allocation (malloc) failed to allocate 37748736 bytes for committing reserved memory.
# Possible reasons:
#   The system is out of physical RAM or swap space
#   In 32 bit mode, the process size limit was hit
# Possible solutions:
#   Reduce memory load on the system
#   Increase physical memory or swap space
#   Check if swap backing store is full
#   Use 64 bit Java on a 64 bit OS
#   Decrease Java heap size (-Xmx/-Xms)
#   Decrease number of Java threads
#   Decrease Java thread stack sizes (-Xss)
#   Set larger code cache with -XX:ReservedCodeCacheSize=
# This output file may be truncated or incomplete.
#
#  Out of Memory Error (os_linux.cpp:2809), pid=4363, tid=3059202880
#
# JRE version:  (7.0_79-b14) (build )
# Java VM: OpenJDK Server VM (24.79-b02 mixed mode linux-x86 )
# Derivative: IcedTea 2.5.5
# Distribution: Ubuntu 14.04 LTS, package 7u79-2.5.5-0ubuntu0.14.04.2
# Failed to write core dump. Core dumps have been disabled. To enable core dumping, try "ulimit -c unlimited" before starting Java again
#

---------------  T H R E A D  ---------------

Current thread (0xb6408000):  JavaThread "Unknown thread" [_thread_in_vm, id=4368, stack(0xb652b000,0xb657c000)]

Stack: [0xb652b000,0xb657c000]

---------------  P R O C E S S  ---------------

Java Threads: ( => current thread )

Other Threads:

=>0xb6408000 (exited) JavaThread "Unknown thread" [_thread_in_vm, id=4368, stack(0xb652b000,0xb657c000)]

VM state:not at safepoint (not fully initialized)

VM Mutex/Monitor currently owned by a thread: None

GC Heap History (0 events):
No events

Deoptimization events (0 events):
No events

Internal exceptions (0 events):
No events

Events (0 events):
No events


Dynamic libraries:
08048000-08049000 r-xp 00000000 08:08 414632     /usr/lib/jvm/java-7-openjdk-i386/jre/bin/java
08049000-0804a000 r--p 00000000 08:08 414632     /usr/lib/jvm/java-7-openjdk-i386/jre/bin/java
0804a000-0804b000 rw-p 00001000 08:08 414632     /usr/lib/jvm/java-7-openjdk-i386/jre/bin/java
08642000-08663000 rw-p 00000000 00:00 0          [heap]
6ab00000-6ab21000 rw-p 00000000 00:00 0 
6ab21000-6ac00000 ---p 00000000 00:00 0 
6ac7f000-6ac80000 ---p 00000000 00:00 0 
6ac80000-6ad00000 rw-p 00000000 00:00 0          [stack:4370]
6ad00000-6ad21000 rw-p 00000000 00:00 0 
6ad21000-6ae00000 ---p 00000000 00:00 0 
6ae68000-6ae69000 ---p 00000000 00:00 0 
6ae69000-6aef1000 rw-p 00000000 00:00 0          [stack:4369]
6aef1000-6af29000 rw-p 00000000 00:00 0 
6af29000-6af39000 rw-p 00000000 00:00 0 
6af39000-6b07f000 rw-p 00000000 00:00 0 
6b07f000-6b087000 rw-p 00000000 00:00 0 
6b087000-6b0bf000 rw-p 00000000 00:00 0 
6b0bf000-6b0cf000 rw-p 00000000 00:00 0 
6b0cf000-6b214000 rw-p 00000000 00:00 0 
6b214000-6b21c000 rw-p 00000000 00:00 0 
6b21c000-6b2bf000 rw-p 00000000 00:00 0 
6b2bf000-6c2c0000 rw-p 00000000 00:00 0 
6c2c0000-732c0000 rw-p 00000000 00:00 0 
732c0000-75100000 rw-p 00000000 00:00 0 
75100000-9dd40000 rw-p 00000000 00:00 0 
9dd40000-9ec80000 rw-p 00000000 00:00 0 
9ec80000-b32c0000 rw-p 00000000 00:00 0 
b32e5000-b32ee000 rw-p 00000000 00:00 0 
b32ee000-b33a5000 rw-p 00000000 00:00 0 
b33a5000-b35e5000 rwxp 00000000 00:00 0 
b35e5000-b63a5000 rw-p 00000000 00:00 0 
b63a5000-b63b0000 r-xp 00000000 08:08 786971     /lib/i386-linux-gnu/libnss_files-2.19.so
b63b0000-b63b1000 r--p 0000a000 08:08 786971     /lib/i386-linux-gnu/libnss_files-2.19.so
b63b1000-b63b2000 rw-p 0000b000 08:08 786971     /lib/i386-linux-gnu/libnss_files-2.19.so
b63b2000-b63bc000 r-xp 00000000 08:08 786981     /lib/i386-linux-gnu/libnss_nis-2.19.so
b63bc000-b63bd000 r--p 00009000 08:08 786981     /lib/i386-linux-gnu/libnss_nis-2.19.so
b63bd000-b63be000 rw-p 0000a000 08:08 786981     /lib/i386-linux-gnu/libnss_nis-2.19.so
b63be000-b63d3000 r-xp 00000000 08:08 786965     /lib/i386-linux-gnu/libnsl-2.19.so
b63d3000-b63d4000 r--p 00015000 08:08 786965     /lib/i386-linux-gnu/libnsl-2.19.so
b63d4000-b63d5000 rw-p 00016000 08:08 786965     /lib/i386-linux-gnu/libnsl-2.19.so
b63d5000-b63d7000 rw-p 00000000 00:00 0 
b63d7000-b63fe000 r-xp 00000000 08:08 414668     /usr/lib/jvm/java-7-openjdk-i386/jre/lib/i386/libjava.so
b63fe000-b63ff000 r--p 00026000 08:08 414668     /usr/lib/jvm/java-7-openjdk-i386/jre/lib/i386/libjava.so
b63ff000-b6400000 rw-p 00027000 08:08 414668     /usr/lib/jvm/java-7-openjdk-i386/jre/lib/i386/libjava.so
b6400000-b6421000 rw-p 00000000 00:00 0 
b6421000-b6500000 ---p 00000000 00:00 0 
b6502000-b6509000 r-xp 00000000 08:08 786967     /lib/i386-linux-gnu/libnss_compat-2.19.so
b6509000-b650a000 r--p 00006000 08:08 786967     /lib/i386-linux-gnu/libnss_compat-2.19.so
b650a000-b650b000 rw-p 00007000 08:08 786967     /lib/i386-linux-gnu/libnss_compat-2.19.so
b6510000-b6518000 r-xp 00000000 08:08 414673     /usr/lib/jvm/java-7-openjdk-i386/jre/lib/i386/libzip.so
b6518000-b6519000 r--p 00007000 08:08 414673     /usr/lib/jvm/java-7-openjdk-i386/jre/lib/i386/libzip.so
b6519000-b651a000 rw-p 00008000 08:08 414673     /usr/lib/jvm/java-7-openjdk-i386/jre/lib/i386/libzip.so
b651a000-b6522000 rw-s 00000000 08:08 272060     /tmp/hsperfdata_harunozdemir/4363
b6522000-b6529000 r-xp 00000000 08:08 787024     /lib/i386-linux-gnu/librt-2.19.so
b6529000-b652a000 r--p 00006000 08:08 787024     /lib/i386-linux-gnu/librt-2.19.so
b652a000-b652b000 rw-p 00007000 08:08 787024     /lib/i386-linux-gnu/librt-2.19.so
b652b000-b652e000 ---p 00000000 00:00 0 
b652e000-b657c000 rw-p 00000000 00:00 0          [stack:4368]
b657c000-b6598000 r-xp 00000000 08:08 786923     /lib/i386-linux-gnu/libgcc_s.so.1
b6598000-b6599000 rw-p 0001b000 08:08 786923     /lib/i386-linux-gnu/libgcc_s.so.1
b6599000-b65dd000 r-xp 00000000 08:08 786946     /lib/i386-linux-gnu/libm-2.19.so
b65dd000-b65de000 r--p 00043000 08:08 786946     /lib/i386-linux-gnu/libm-2.19.so
b65de000-b65df000 rw-p 00044000 08:08 786946     /lib/i386-linux-gnu/libm-2.19.so
b65df000-b66bb000 r-xp 00000000 08:08 397929     /usr/lib/i386-linux-gnu/libstdc++.so.6.0.19
b66bb000-b66bc000 ---p 000dc000 08:08 397929     /usr/lib/i386-linux-gnu/libstdc++.so.6.0.19
b66bc000-b66c0000 r--p 000dc000 08:08 397929     /usr/lib/i386-linux-gnu/libstdc++.so.6.0.19
b66c0000-b66c1000 rw-p 000e0000 08:08 397929     /usr/lib/i386-linux-gnu/libstdc++.so.6.0.19
b66c1000-b66c8000 rw-p 00000000 00:00 0 
b66c8000-b70b6000 r-xp 00000000 08:08 414687     /usr/lib/jvm/java-7-openjdk-i386/jre/lib/i386/server/libjvm.so
b70b6000-b70b7000 ---p 009ee000 08:08 414687     /usr/lib/jvm/java-7-openjdk-i386/jre/lib/i386/server/libjvm.so
b70b7000-b7109000 r--p 009ee000 08:08 414687     /usr/lib/jvm/java-7-openjdk-i386/jre/lib/i386/server/libjvm.so
b7109000-b711d000 rw-p 00a40000 08:08 414687     /usr/lib/jvm/java-7-openjdk-i386/jre/lib/i386/server/libjvm.so
b711d000-b753b000 rw-p 00000000 00:00 0 
b753b000-b7553000 r-xp 00000000 08:08 787059     /lib/i386-linux-gnu/libz.so.1.2.8
b7553000-b7554000 r--p 00017000 08:08 787059     /lib/i386-linux-gnu/libz.so.1.2.8
b7554000-b7555000 rw-p 00018000 08:08 787059     /lib/i386-linux-gnu/libz.so.1.2.8
b7555000-b756d000 r-xp 00000000 08:08 787016     /lib/i386-linux-gnu/libpthread-2.19.so
b756d000-b756e000 r--p 00018000 08:08 787016     /lib/i386-linux-gnu/libpthread-2.19.so
b756e000-b756f000 rw-p 00019000 08:08 787016     /lib/i386-linux-gnu/libpthread-2.19.so
b756f000-b7571000 rw-p 00000000 00:00 0 
b7571000-b7574000 r-xp 00000000 08:08 786913     /lib/i386-linux-gnu/libdl-2.19.so
b7574000-b7575000 r--p 00002000 08:08 786913     /lib/i386-linux-gnu/libdl-2.19.so
b7575000-b7576000 rw-p 00003000 08:08 786913     /lib/i386-linux-gnu/libdl-2.19.so
b7576000-b771f000 r-xp 00000000 08:08 786896     /lib/i386-linux-gnu/libc-2.19.so
b771f000-b7721000 r--p 001a9000 08:08 786896     /lib/i386-linux-gnu/libc-2.19.so
b7721000-b7722000 rw-p 001ab000 08:08 786896     /lib/i386-linux-gnu/libc-2.19.so
b7722000-b7725000 rw-p 00000000 00:00 0 
b772a000-b772b000 rw-p 00000000 00:00 0 
b772b000-b772c000 r--p 00000000 00:00 0 
b772c000-b773a000 r-xp 00000000 08:08 414694     /usr/lib/jvm/java-7-openjdk-i386/jre/lib/i386/libverify.so
b773a000-b773b000 r--p 0000d000 08:08 414694     /usr/lib/jvm/java-7-openjdk-i386/jre/lib/i386/libverify.so
b773b000-b773c000 rw-p 0000e000 08:08 414694     /usr/lib/jvm/java-7-openjdk-i386/jre/lib/i386/libverify.so
b773c000-b7748000 r-xp 00000000 08:08 414677     /usr/lib/jvm/java-7-openjdk-i386/jre/lib/i386/jli/libjli.so
b7748000-b7749000 r--p 0000c000 08:08 414677     /usr/lib/jvm/java-7-openjdk-i386/jre/lib/i386/jli/libjli.so
b7749000-b774a000 rw-p 0000d000 08:08 414677     /usr/lib/jvm/java-7-openjdk-i386/jre/lib/i386/jli/libjli.so
b774a000-b774d000 rw-p 00000000 00:00 0 
b774d000-b774e000 r-xp 00000000 00:00 0          [vdso]
b774e000-b7750000 r--p 00000000 00:00 0          [vvar]
b7750000-b7770000 r-xp 00000000 08:08 786872     /lib/i386-linux-gnu/ld-2.19.so
b7770000-b7771000 r--p 0001f000 08:08 786872     /lib/i386-linux-gnu/ld-2.19.so
b7771000-b7772000 rw-p 00020000 08:08 786872     /lib/i386-linux-gnu/ld-2.19.so
bf9b6000-bf9b7000 rwxp 00000000 00:00 0 
bf9e9000-bfa0a000 rw-p 00000000 00:00 0          [stack]

VM Arguments:
jvm_args: -Xmx1024M -Dfile.encoding=UTF-8 -Duser.country=TR -Duser.language=tr -Duser.variant 
java_command: com.android.dx.command.Main --dex --output /home/harunozdemir/Masaüstü/Android studio project/pedometer1/app/build/intermediates/dex/debug /home/harunozdemir/Masaüstü/Android studio project/pedometer1/app/build/intermediates/classes/debug /home/harunozdemir/Masaüstü/Android studio project/pedometer1/app/build/intermediates/pre-dexed/debug/support-annotations-21.0.3-79aa188ecaad1a73fc8b83b2d5471b85f911373d.jar /home/harunozdemir/Masaüstü/Android studio project/pedometer1/app/build/intermediates/pre-dexed/debug/picasso-2.5.2-ef2fec5b8f96f3a8a32a3d4bf8f8b958a60b244c.jar /home/harunozdemir/Masaüstü/Android studio project/pedometer1/app/build/intermediates/pre-dexed/debug/internal_impl-21.0.3-6a431cc958d9a0a77ff6d363f2e8da7af3b3a236.jar /home/harunozdemir/Masaüstü/Android studio project/pedometer1/app/build/intermediates/pre-dexed/debug/classes-4c7c5e742299e9eac280cb7408e7f7985d7ae330.jar
Launcher Type: SUN_STANDARD

Environment Variables:
PATH=/usr/local/sbin:/usr/local/bin:/usr/sbin:/usr/bin:/sbin:/bin:/usr/games:/usr/local/games
LD_LIBRARY_PATH=/home/harunozdemir/android-studio/bin:
SHELL=/bin/bash
DISPLAY=:0

Signal Handlers:
SIGSEGV: [libjvm.so+0x80cd90], sa_mask[0]=0x7ffbfeff, sa_flags=0x10000004
SIGBUS: [libjvm.so+0x80cd90], sa_mask[0]=0x7ffbfeff, sa_flags=0x10000004
SIGFPE: [libjvm.so+0x684dd0], sa_mask[0]=0x7ffbfeff, sa_flags=0x10000004
SIGPIPE: [libjvm.so+0x684dd0], sa_mask[0]=0x7ffbfeff, sa_flags=0x10000004
SIGXFSZ: [libjvm.so+0x684dd0], sa_mask[0]=0x7ffbfeff, sa_flags=0x10000004
SIGILL: [libjvm.so+0x684dd0], sa_mask[0]=0x7ffbfeff, sa_flags=0x10000004
SIGUSR1: SIG_DFL, sa_mask[0]=0x00000000, sa_flags=0x00000000
SIGUSR2: [libjvm.so+0x684c60], sa_mask[0]=0x00000004, sa_flags=0x10000004
SIGHUP: SIG_DFL, sa_mask[0]=0x00000000, sa_flags=0x00000000
SIGINT: SIG_DFL, sa_mask[0]=0x00000000, sa_flags=0x00000000
SIGTERM: SIG_DFL, sa_mask[0]=0x00000000, sa_flags=0x00000000
SIGQUIT: SIG_DFL, sa_mask[0]=0x00000000, sa_flags=0x00000000
SIGTRAP: SIG_DFL, sa_mask[0]=0x00000000, sa_flags=0x00000000


---------------  S Y S T E M  ---------------

OS:Ubuntu 14.04 (trusty)
uname:Linux 3.16.0-30-generic #40~14.04.1-Ubuntu SMP Thu Jan 15 17:45:15 UTC 2015 i686
libc:glibc 2.19 NPTL 2.19 
rlimit: STACK 8192k, CORE 0k, NPROC 23019, NOFILE 4096, AS infinity
load average:3.47 2.39 1.63

/proc/meminfo:
MemTotal:        2966068 kB
MemFree:          171836 kB
MemAvailable:     123964 kB
Buffers:            8980 kB
Cached:           297672 kB
SwapCached:            0 kB
Active:          1992952 kB
Inactive:         275292 kB
Active(anon):    1964932 kB
Inactive(anon):   251208 kB
Active(file):      28020 kB
Inactive(file):    24084 kB
Unevictable:          32 kB
Mlocked:              32 kB
HighTotal:       2094040 kB
HighFree:          38436 kB
LowTotal:         872028 kB
LowFree:          133400 kB
SwapTotal:             0 kB
SwapFree:              0 kB
Dirty:               292 kB
Writeback:             0 kB
AnonPages:       1961772 kB
Mapped:           511920 kB
Shmem:            254416 kB
Slab:              31472 kB
SReclaimable:      13636 kB
SUnreclaim:        17836 kB
KernelStack:        3824 kB
PageTables:        11716 kB
NFS_Unstable:          0 kB
Bounce:                0 kB
WritebackTmp:          0 kB
CommitLimit:     1483032 kB
Committed_AS:    5180980 kB
VmallocTotal:     122880 kB
VmallocUsed:       23268 kB
VmallocChunk:      94900 kB
AnonHugePages:   1355776 kB
HugePages_Total:       0
HugePages_Free:        0
HugePages_Rsvd:        0
HugePages_Surp:        0
Hugepagesize:       2048 kB
DirectMap4k:       32760 kB
DirectMap2M:      876544 kB


CPU:total 2 (2 cores per cpu, 1 threads per core) family 6 model 37 stepping 5, cmov, cx8, fxsr, mmx, sse, sse2, sse3, ssse3, popcnt, tsc, tscinvbit

/proc/cpuinfo:
processor	: 0
vendor_id	: GenuineIntel
cpu family	: 6
model		: 37
model name	: Intel(R) Pentium(R) CPU        P6200  @ 2.13GHz
stepping	: 5
microcode	: 0x2
cpu MHz		: 1066.000
cache size	: 3072 KB
physical id	: 0
siblings	: 2
core id		: 0
cpu cores	: 2
apicid		: 0
initial apicid	: 0
fdiv_bug	: no
f00f_bug	: no
coma_bug	: no
fpu		: yes
fpu_exception	: yes
cpuid level	: 11
wp		: yes
flags		: fpu vme de pse tsc msr pae mce cx8 apic sep mtrr pge mca cmov pat pse36 clflush dts acpi mmx fxsr sse sse2 ss ht tm pbe nx rdtscp lm constant_tsc arch_perfmon pebs bts xtopology nonstop_tsc aperfmperf pni dtes64 monitor ds_cpl est tm2 ssse3 cx16 xtpr pdcm pcid popcnt lahf_lm arat dtherm
bogomips	: 4256.34
clflush size	: 64
cache_alignment	: 64
address sizes	: 36 bits physical, 48 bits virtual
power management:

processor	: 1
vendor_id	: GenuineIntel
cpu family	: 6
model		: 37
model name	: Intel(R) Pentium(R) CPU        P6200  @ 2.13GHz
stepping	: 5
microcode	: 0x2
cpu MHz		: 2133.000
cache size	: 3072 KB
physical id	: 0
siblings	: 2
core id		: 2
cpu cores	: 2
apicid		: 4
initial apicid	: 4
fdiv_bug	: no
f00f_bug	: no
coma_bug	: no
fpu		: yes
fpu_exception	: yes
cpuid level	: 11
wp		: yes
flags		: fpu vme de pse tsc msr pae mce cx8 apic sep mtrr pge mca cmov pat pse36 clflush dts acpi mmx fxsr sse sse2 ss ht tm pbe nx rdtscp lm constant_tsc arch_perfmon pebs bts xtopology nonstop_tsc aperfmperf pni dtes64 monitor ds_cpl est tm2 ssse3 cx16 xtpr pdcm pcid popcnt lahf_lm arat dtherm
bogomips	: 4256.34
clflush size	: 64
cache_alignment	: 64
address sizes	: 36 bits physical, 48 bits virtual
power management:



Memory: 4k page, physical 2966068k(171836k free), swap 0k(0k free)

vm_info: OpenJDK Server VM (24.79-b02) for linux-x86 JRE (1.7.0_79-b14), built on Apr 16 2015 08:24:42 by "buildd" with gcc 4.8.2

time: Thu Oct 15 01:47:31 2015
elapsed time: 0 seconds

